<?xml version="1.0" encoding="UTF-8"?>
<testng-results ignored="0" total="1" passed="1" failed="0" skipped="0">
  <reporter-output>
  </reporter-output>
  <suite started-at="2025-09-03T12:53:23 IST" name="Default suite" finished-at="2025-09-03T12:55:21 IST" duration-ms="117626">
    <groups>
    </groups>
    <test started-at="2025-09-03T12:53:23 IST" name="Default test" finished-at="2025-09-03T12:55:21 IST" duration-ms="117626">
      <class name="com.qa.testCases.SearchPageTest">
        <test-method is-config="true" signature="setUp()[pri:0, instance:com.qa.testCases.SearchPageTest@36902638]" started-at="2025-09-03T12:53:23 IST" name="setUp" finished-at="2025-09-03T12:54:00 IST" duration-ms="36652" status="PASS">
          <reporter-output>
          </reporter-output>
        </test-method> <!-- setUp -->
        <test-method signature="searchForProduct()[pri:0, instance:com.qa.testCases.SearchPageTest@36902638]" started-at="2025-09-03T12:54:00 IST" name="searchForProduct" finished-at="2025-09-03T12:55:20 IST" duration-ms="80677" status="PASS">
          <reporter-output>
          </reporter-output>
        </test-method> <!-- searchForProduct -->
        <test-method is-config="true" signature="captureFailure(org.testng.ITestResult)[pri:0, instance:com.qa.testCases.SearchPageTest@36902638]" started-at="2025-09-03T12:55:20 IST" name="captureFailure" finished-at="2025-09-03T12:55:20 IST" duration-ms="1" status="PASS">
          <params>
            <param index="0">
              <value>
                <![CDATA[[TestResult name=searchForProduct status=SUCCESS method=SearchPageTest.searchForProduct()[pri:0, instance:com.qa.testCases.SearchPageTest@36902638] output={null}]]]>
              </value>
            </param>
          </params>
          <reporter-output>
          </reporter-output>
        </test-method> <!-- captureFailure -->
        <test-method is-config="true" signature="tearDown()[pri:0, instance:com.qa.testCases.SearchPageTest@36902638]" started-at="2025-09-03T12:55:20 IST" name="tearDown" finished-at="2025-09-03T12:55:21 IST" duration-ms="281" status="PASS">
          <reporter-output>
          </reporter-output>
        </test-method> <!-- tearDown -->
      </class> <!-- com.qa.testCases.SearchPageTest -->
    </test> <!-- Default test -->
  </suite> <!-- Default suite -->
</testng-results>
